<?xml version="1.0" encoding="UTF-8"?>
<testsuite xmlns:xsi="http://www.w3.org/2001/XMLSchema-instance" xsi:noNamespaceSchemaLocation="https://maven.apache.org/surefire/maven-surefire-plugin/xsd/surefire-test-report.xsd" name="cucumberoptions.TestNGTestRunner" time="363.21" tests="4" errors="0" skipped="0" failures="2">
  <properties>
[...]
</properties>
  <testcase name="runScenario" classname="cucumberoptions.TestNGTestRunner" time="170.327">
    <failure message="no such element: Unable to locate element: {&quot;method&quot;:&quot;xpath&quot;,&quot;selector&quot;:&quot;(//button[text()=&apos;OK&apos;])[2]&quot;}&#10;  (Session info: chrome=110.0.5481.178)&#10;For documentation on this error, please visit: https://selenium.dev/exceptions/#no_such_element&#10;Build info: version: &apos;4.1.3&apos;, revision: &apos;7b1ebf28ef&apos;&#10;System info: host: &apos;HIN-HZGW2Z2-LT&apos;, ip: &apos;10.17.74.40&apos;, os.name: &apos;Windows 10&apos;, os.arch: &apos;amd64&apos;, os.version: &apos;10.0&apos;, java.version: &apos;15.0.2&apos;&#10;Driver info: org.openqa.selenium.remote.RemoteWebDriver&#10;Command: [70fc8215ce2c4a924984e5a16d12ee23, findElement {using=xpath, value=(//button[text()=&apos;OK&apos;])[2]}]&#10;Capabilities {acceptInsecureCerts: false, browserName: chrome, browserVersion: 110.0.5481.178, browserstack.console: enable, browserstack.debug: true, browserstack.video: true, chrome: {chromedriverVersion: 110.0.5481.77 (65ed616c6e8e..., userDataDir: C:\Users\lginne\AppData\Loc...}, goog:chromeOptions: {debuggerAddress: localhost:62969}, javascriptEnabled: true, networkConnectionEnabled: false, pageLoadStrategy: normal, platform: WINDOWS, platformName: WINDOWS, proxy: Proxy(), se:bidiEnabled: false, se:cdp: ws://192.168.100.5:4444/ses..., se:cdpVersion: 110.0.5481.178, se:recordVideo: true, se:timeZone: IST, setWindowRect: true, strictFileInteractability: false, timeouts: {implicit: 0, pageLoad: 300000, script: 30000}, unhandledPromptBehavior: dismiss and notify, webauthn:extension:credBlob: true, webauthn:extension:largeBlob: true, webauthn:virtualAuthenticators: true}&#10;Session ID: 70fc8215ce2c4a924984e5a16d12ee23" type="org.openqa.selenium.NoSuchElementException">org.openqa.selenium.NoSuchElementException: 
no such element: Unable to locate element: {"method":"xpath","selector":"(//button[text()='OK'])[2]"}
  (Session info: chrome=110.0.5481.178)
For documentation on this error, please visit: https://selenium.dev/exceptions/#no_such_element
Build info: version: '4.1.3', revision: '7b1ebf28ef'
System info: host: 'HIN-HZGW2Z2-LT', ip: '10.17.74.40', os.name: 'Windows 10', os.arch: 'amd64', os.version: '10.0', java.version: '15.0.2'
Driver info: org.openqa.selenium.remote.RemoteWebDriver
Command: [70fc8215ce2c4a924984e5a16d12ee23, findElement {using=xpath, value=(//button[text()='OK'])[2]}]
Capabilities {acceptInsecureCerts: false, browserName: chrome, browserVersion: 110.0.5481.178, browserstack.console: enable, browserstack.debug: true, browserstack.video: true, chrome: {chromedriverVersion: 110.0.5481.77 (65ed616c6e8e..., userDataDir: C:\Users\lginne\AppData\Loc...}, goog:chromeOptions: {debuggerAddress: localhost:62969}, javascriptEnabled: true, networkConnectionEnabled: false, pageLoadStrategy: normal, platform: WINDOWS, platformName: WINDOWS, proxy: Proxy(), se:bidiEnabled: false, se:cdp: ws://192.168.100.5:4444/ses..., se:cdpVersion: 110.0.5481.178, se:recordVideo: true, se:timeZone: IST, setWindowRect: true, strictFileInteractability: false, timeouts: {implicit: 0, pageLoad: 300000, script: 30000}, unhandledPromptBehavior: dismiss and notify, webauthn:extension:credBlob: true, webauthn:extension:largeBlob: true, webauthn:virtualAuthenticators: true}
Session ID: 70fc8215ce2c4a924984e5a16d12ee23
</failure>
    <system-out><![CDATA[Successfully Launched the url:https://ri-leasingdeskadmin-qa3.realpage.com/Account/Login?ReturnUrl=%2f
Successfully Launched the url:https://ri-leasingdeskadmin-qa3.realpage.com/Account/Login?ReturnUrl=%2f
Successfully Launched the url:https://ri-leasingdeskadmin-qa3.realpage.com/Account/Login?ReturnUrl=%2f
Successfully Launched the url:https://ri-leasingdeskadmin-qa3.realpage.com/Account/Login?ReturnUrl=%2f
Total rows are:20
Total rows are:1
Total rows are:30
total columns are:  9
1 Deposit IQ 1008 Larkin 1008 Larkin San Francisco California 94109 AMIG Multi-Family 94109 53
total columns are:  9
1 Pre-Approved/No Contract Hensley at Corona Pointe 1171 E Baywood Drive Corona California 92881 AMIG Multi-Family 92881 728
total columns are:  9
1 Essex Portfolio LP 1000 Kiely Apartments 1000 Kiely Blvd. Santa Clara California 95051 AMIG Multi-Family 95051 121
Total rows are:30
total units are:53
total units are:728
total units are:121
total columns are:  9
1 Essex Portfolio LP 1000 Kiely Apartments 1000 Kiely Blvd. Santa Clara California 95051 AMIG Multi-Family 95051 121
total units are:121
]]></system-out>
    <system-err><![CDATA[Mar 01, 2023 1:28:57 PM org.openqa.selenium.remote.tracing.opentelemetry.OpenTelemetryTracer createTracer
INFO: Using OpenTelemetry for tracing
SLF4J: No SLF4J providers were found.
SLF4J: Defaulting to no-operation (NOP) logger implementation
SLF4J: See https://www.slf4j.org/codes.html#noProviders for further details.
Mar 01, 2023 1:29:26 PM org.openqa.selenium.remote.ProtocolHandshake createSession
INFO: Detected dialect: W3C
Mar 01, 2023 1:29:35 PM org.openqa.selenium.remote.ProtocolHandshake createSession
INFO: Detected dialect: W3C
Mar 01, 2023 1:29:36 PM org.openqa.selenium.remote.ProtocolHandshake createSession
INFO: Detected dialect: W3C
Mar 01, 2023 1:29:38 PM org.openqa.selenium.remote.ProtocolHandshake createSession
INFO: Detected dialect: W3C
]]></system-err>
  </testcase>
  <testcase name="runScenario" classname="cucumberoptions.TestNGTestRunner" time="193.928">
    <failure message="no such element: Unable to locate element: {&quot;method&quot;:&quot;xpath&quot;,&quot;selector&quot;:&quot;(//button[text()=&apos;OK&apos;])[2]&quot;}&#10;  (Session info: chrome=110.0.5481.178)&#10;For documentation on this error, please visit: https://selenium.dev/exceptions/#no_such_element&#10;Build info: version: &apos;4.1.3&apos;, revision: &apos;7b1ebf28ef&apos;&#10;System info: host: &apos;HIN-HZGW2Z2-LT&apos;, ip: &apos;10.17.74.40&apos;, os.name: &apos;Windows 10&apos;, os.arch: &apos;amd64&apos;, os.version: &apos;10.0&apos;, java.version: &apos;15.0.2&apos;&#10;Driver info: org.openqa.selenium.remote.RemoteWebDriver&#10;Command: [2506041e70b3f1f027387dba81babb7f, findElement {using=xpath, value=(//button[text()=&apos;OK&apos;])[2]}]&#10;Capabilities {acceptInsecureCerts: false, browserName: chrome, browserVersion: 110.0.5481.178, browserstack.console: enable, browserstack.debug: true, browserstack.video: true, chrome: {chromedriverVersion: 110.0.5481.77 (65ed616c6e8e..., userDataDir: C:\Users\lginne\AppData\Loc...}, goog:chromeOptions: {debuggerAddress: localhost:62951}, javascriptEnabled: true, networkConnectionEnabled: false, pageLoadStrategy: normal, platform: WINDOWS, platformName: WINDOWS, proxy: Proxy(), se:bidiEnabled: false, se:cdp: ws://192.168.100.5:4444/ses..., se:cdpVersion: 110.0.5481.178, se:recordVideo: true, se:timeZone: IST, setWindowRect: true, strictFileInteractability: false, timeouts: {implicit: 0, pageLoad: 300000, script: 30000}, unhandledPromptBehavior: dismiss and notify, webauthn:extension:credBlob: true, webauthn:extension:largeBlob: true, webauthn:virtualAuthenticators: true}&#10;Session ID: 2506041e70b3f1f027387dba81babb7f" type="org.openqa.selenium.NoSuchElementException">org.openqa.selenium.NoSuchElementException: 
no such element: Unable to locate element: {"method":"xpath","selector":"(//button[text()='OK'])[2]"}
  (Session info: chrome=110.0.5481.178)
For documentation on this error, please visit: https://selenium.dev/exceptions/#no_such_element
Build info: version: '4.1.3', revision: '7b1ebf28ef'
System info: host: 'HIN-HZGW2Z2-LT', ip: '10.17.74.40', os.name: 'Windows 10', os.arch: 'amd64', os.version: '10.0', java.version: '15.0.2'
Driver info: org.openqa.selenium.remote.RemoteWebDriver
Command: [2506041e70b3f1f027387dba81babb7f, findElement {using=xpath, value=(//button[text()='OK'])[2]}]
Capabilities {acceptInsecureCerts: false, browserName: chrome, browserVersion: 110.0.5481.178, browserstack.console: enable, browserstack.debug: true, browserstack.video: true, chrome: {chromedriverVersion: 110.0.5481.77 (65ed616c6e8e..., userDataDir: C:\Users\lginne\AppData\Loc...}, goog:chromeOptions: {debuggerAddress: localhost:62951}, javascriptEnabled: true, networkConnectionEnabled: false, pageLoadStrategy: normal, platform: WINDOWS, platformName: WINDOWS, proxy: Proxy(), se:bidiEnabled: false, se:cdp: ws://192.168.100.5:4444/ses..., se:cdpVersion: 110.0.5481.178, se:recordVideo: true, se:timeZone: IST, setWindowRect: true, strictFileInteractability: false, timeouts: {implicit: 0, pageLoad: 300000, script: 30000}, unhandledPromptBehavior: dismiss and notify, webauthn:extension:credBlob: true, webauthn:extension:largeBlob: true, webauthn:virtualAuthenticators: true}
Session ID: 2506041e70b3f1f027387dba81babb7f
</failure>
  </testcase>
  <testcase name="runScenario" classname="cucumberoptions.TestNGTestRunner" time="358.389"/>
  <testcase name="runScenario" classname="cucumberoptions.TestNGTestRunner" time="358.999"/>
</testsuite>